<?xml version="1.0" encoding="UTF-8"?>
<!-- Generated by org.testng.reporters.JUnitXMLReporter -->
<testsuite hostname="DESKTOP-FMIMKLK" failures="0" tests="3" name="Default test" time="30.749" errors="0" timestamp="18 Oct 2021 13:48:10 GMT">
  <testcase classname="com.test.RefundPaymentTest" name="refundPaymentWithInvalidAmount" time="17.228"/>
  <testcase classname="com.test.RefundPaymentTest" name="refundPaymentWithInvalidNegativeAmount" time="1.746"/>
  <testcase classname="com.test.RefundPaymentTest" name="refundPaymentWithMoreThanActualAmount" time="1.639"/>
</testsuite> <!-- Default test -->
