<?xml version="1.0" encoding="UTF-8"?>
<testng-results total="3" passed="3" failed="0" skipped="0">
  <reporter-output>
    <line>
      <![CDATA[*****refundPaymentWithInvalidAmount Started......]]>
    </line>
    <line>
      <![CDATA[*****refundPaymentWithInvalidAmount Passed...]]>
    </line>
    <line>
      <![CDATA[*****refundPaymentWithInvalidNegativeAmount Started......]]>
    </line>
    <line>
      <![CDATA[*****refundPaymentWithInvalidNegativeAmount Passed...]]>
    </line>
    <line>
      <![CDATA[*****refundPaymentWithMoreThanActualAmount Started......]]>
    </line>
    <line>
      <![CDATA[*****refundPaymentWithMoreThanActualAmount Passed...]]>
    </line>
  </reporter-output>
  <suite started-at="2021-10-18T13:47:38Z" name="Default suite" finished-at="2021-10-18T13:48:09Z" duration-ms="30749">
    <groups>
    </groups>
    <test started-at="2021-10-18T13:47:38Z" name="Default test" finished-at="2021-10-18T13:48:09Z" duration-ms="30749">
      <class name="com.test.RefundPaymentTest">
        <test-method is-config="true" signature="setup()[pri:0, instance:com.test.RefundPaymentTest@7b6c6e70]" started-at="2021-10-18T19:17:39Z" name="setup" finished-at="2021-10-18T19:17:48Z" duration-ms="9004" status="PASS">
          <reporter-output>
          </reporter-output>
        </test-method> <!-- setup -->
        <test-method signature="refundPaymentWithInvalidAmount()[pri:6, instance:com.test.RefundPaymentTest@7b6c6e70]" started-at="2021-10-18T19:17:48Z" name="refundPaymentWithInvalidAmount" description="Refund Payement | POST" finished-at="2021-10-18T19:18:05Z" duration-ms="17228" status="PASS">
          <reporter-output>
            <line>
              <![CDATA[*****refundPaymentWithInvalidAmount Passed...]]>
            </line>
          </reporter-output>
        </test-method> <!-- refundPaymentWithInvalidAmount -->
        <test-method signature="refundPaymentWithInvalidNegativeAmount()[pri:7, instance:com.test.RefundPaymentTest@7b6c6e70]" started-at="2021-10-18T19:18:05Z" name="refundPaymentWithInvalidNegativeAmount" description="Refund Payement | POST" finished-at="2021-10-18T19:18:07Z" duration-ms="1746" status="PASS">
          <reporter-output>
            <line>
              <![CDATA[*****refundPaymentWithInvalidNegativeAmount Passed...]]>
            </line>
          </reporter-output>
        </test-method> <!-- refundPaymentWithInvalidNegativeAmount -->
        <test-method signature="refundPaymentWithMoreThanActualAmount()[pri:8, instance:com.test.RefundPaymentTest@7b6c6e70]" started-at="2021-10-18T19:18:07Z" name="refundPaymentWithMoreThanActualAmount" description="Refund Payement | POST" finished-at="2021-10-18T19:18:09Z" duration-ms="1639" status="PASS">
          <reporter-output>
            <line>
              <![CDATA[*****refundPaymentWithMoreThanActualAmount Passed...]]>
            </line>
          </reporter-output>
        </test-method> <!-- refundPaymentWithMoreThanActualAmount -->
      </class> <!-- com.test.RefundPaymentTest -->
    </test> <!-- Default test -->
  </suite> <!-- Default suite -->
</testng-results>
